<?xml version="1.0" encoding="UTF-8"?>
<!-- Generated by org.testng.reporters.JUnitReportReporter -->
<testsuite skipped="0" hostname="DESKTOP-B7L7V38" name="in.amazon.mshop.AmazonMobileApp.FindAProduct_Test" tests="3" failures="0" timestamp="11 Dec 2018 19:28:48 GMT" time="12.043" errors="0">
  <testcase name="loginTest" time="2.204" classname="in.amazon.mshop.AmazonMobileApp.FindAProduct_Test"/>
  <testcase name="homePageTest" time="2.243" classname="in.amazon.mshop.AmazonMobileApp.FindAProduct_Test"/>
  <testcase name="checkAvailability" time="7.596" classname="in.amazon.mshop.AmazonMobileApp.FindAProduct_Test"/>
</testsuite> <!-- in.amazon.mshop.AmazonMobileApp.FindAProduct_Test -->
